[16:49:45] INICIO_PREPARACAO: Antes de preparar DataFrame | DF: 2541 linhas, 25 colunas, 0 cols Apos Corte, 1858 registros -F/-IF
[16:49:46] APOS_PREPARACAO: Após preparar DataFrame | DF: 2541 linhas, 27 colunas, 0 cols Apos Corte, 1858 registros -F/-IF
[16:49:46] APOS_CRIAR_COLUNAS: Após criar colunas de cálculo | DF: 2541 linhas, 66 colunas, 5 cols Apos Corte, 1858 registros -F/-IF
[16:49:50] PRE_APOS_CORTE: Antes do cálculo após corte | DF: 2541 linhas, 66 colunas, 5 cols Apos Corte, 1858 registros -F/-IF
[16:49:58] POS_APOS_CORTE: Após o cálculo após corte | DF: 2541 linhas, 66 colunas, 5 cols Apos Corte, 1858 registros -F/-IF
[17:19:23] INICIO_PREPARACAO: Antes de preparar DataFrame | DF: 2541 linhas, 25 colunas, 0 cols Apos Corte, 1858 registros -F/-IF
[17:19:23] APOS_PREPARACAO: Após preparar DataFrame | DF: 2541 linhas, 27 colunas, 0 cols Apos Corte, 1858 registros -F/-IF
[17:19:23] APOS_CRIAR_COLUNAS: Após criar colunas de cálculo | DF: 2541 linhas, 66 colunas, 5 cols Apos Corte, 1858 registros -F/-IF
[17:19:28] PRE_APOS_CORTE: Antes do cálculo após corte | DF: 2541 linhas, 66 colunas, 5 cols Apos Corte, 1858 registros -F/-IF
[17:19:35] POS_APOS_CORTE: Após o cálculo após corte | DF: 2541 linhas, 66 colunas, 5 cols Apos Corte, 1858 registros -F/-IF
[17:30:26] INICIO_PREPARACAO: Antes de preparar DataFrame | DF: 2541 linhas, 25 colunas, 0 cols Apos Corte, 1858 registros -F/-IF
[17:30:26] APOS_PREPARACAO: Após preparar DataFrame | DF: 2541 linhas, 27 colunas, 0 cols Apos Corte, 1858 registros -F/-IF
[17:30:26] APOS_CRIAR_COLUNAS: Após criar colunas de cálculo | DF: 2541 linhas, 66 colunas, 5 cols Apos Corte, 1858 registros -F/-IF
[17:30:31] PRE_APOS_CORTE: Antes do cálculo após corte | DF: 2541 linhas, 66 colunas, 5 cols Apos Corte, 1858 registros -F/-IF
[17:30:38] POS_APOS_CORTE: Após o cálculo após corte | DF: 2541 linhas, 66 colunas, 5 cols Apos Corte, 1858 registros -F/-IF
[18:02:35] INICIO_PREPARACAO: Antes de preparar DataFrame | DF: 2541 linhas, 25 colunas, 0 cols Apos Corte, 1858 registros -F/-IF
[18:02:35] APOS_PREPARACAO: Após preparar DataFrame | DF: 2541 linhas, 27 colunas, 0 cols Apos Corte, 1858 registros -F/-IF
[18:02:35] APOS_CRIAR_COLUNAS: Após criar colunas de cálculo | DF: 2541 linhas, 66 colunas, 5 cols Apos Corte, 1858 registros -F/-IF
[18:02:40] PRE_APOS_CORTE: Antes do cálculo após corte | DF: 2541 linhas, 66 colunas, 5 cols Apos Corte, 1858 registros -F/-IF
[18:02:47] POS_APOS_CORTE: Após o cálculo após corte | DF: 2541 linhas, 66 colunas, 5 cols Apos Corte, 1858 registros -F/-IF
[18:28:24] INICIO_PREPARACAO: Antes de preparar DataFrame | DF: 2541 linhas, 25 colunas, 0 cols Apos Corte, 1858 registros -F/-IF
[18:28:24] APOS_PREPARACAO: Após preparar DataFrame | DF: 2541 linhas, 27 colunas, 0 cols Apos Corte, 1858 registros -F/-IF
[18:28:24] APOS_CRIAR_COLUNAS: Após criar colunas de cálculo | DF: 2541 linhas, 66 colunas, 5 cols Apos Corte, 1858 registros -F/-IF
[18:28:29] PRE_APOS_CORTE: Antes do cálculo após corte | DF: 2541 linhas, 66 colunas, 5 cols Apos Corte, 1858 registros -F/-IF
[18:28:36] POS_APOS_CORTE: Após o cálculo após corte | DF: 2541 linhas, 66 colunas, 5 cols Apos Corte, 1858 registros -F/-IF
[18:31:06] INICIO_PREPARACAO: Antes de preparar DataFrame | DF: 2541 linhas, 25 colunas, 0 cols Apos Corte, 1858 registros -F/-IF
[18:31:06] APOS_PREPARACAO: Após preparar DataFrame | DF: 2541 linhas, 27 colunas, 0 cols Apos Corte, 1858 registros -F/-IF
[18:31:06] APOS_CRIAR_COLUNAS: Após criar colunas de cálculo | DF: 2541 linhas, 66 colunas, 5 cols Apos Corte, 1858 registros -F/-IF
[18:31:10] PRE_APOS_CORTE: Antes do cálculo após corte | DF: 2541 linhas, 66 colunas, 5 cols Apos Corte, 1858 registros -F/-IF
[18:31:18] POS_APOS_CORTE: Após o cálculo após corte | DF: 2541 linhas, 66 colunas, 5 cols Apos Corte, 1858 registros -F/-IF
[18:57:44] INICIO_PREPARACAO: Antes de preparar DataFrame | DF: 2541 linhas, 25 colunas, 0 cols Apos Corte, 1858 registros -F/-IF
[18:57:44] APOS_PREPARACAO: Após preparar DataFrame | DF: 2541 linhas, 27 colunas, 0 cols Apos Corte, 1858 registros -F/-IF
[18:57:44] APOS_CRIAR_COLUNAS: Após criar colunas de cálculo | DF: 2541 linhas, 66 colunas, 5 cols Apos Corte, 1858 registros -F/-IF
[18:57:49] PRE_APOS_CORTE: Antes do cálculo após corte | DF: 2541 linhas, 66 colunas, 5 cols Apos Corte, 1858 registros -F/-IF
[18:57:56] POS_APOS_CORTE: Após o cálculo após corte | DF: 2541 linhas, 66 colunas, 5 cols Apos Corte, 1858 registros -F/-IF
[19:01:53] INICIO_PREPARACAO: Antes de preparar DataFrame | DF: 2541 linhas, 25 colunas, 0 cols Apos Corte, 1858 registros -F/-IF
[19:01:53] APOS_PREPARACAO: Após preparar DataFrame | DF: 2541 linhas, 27 colunas, 0 cols Apos Corte, 1858 registros -F/-IF
[19:01:53] APOS_CRIAR_COLUNAS: Após criar colunas de cálculo | DF: 2541 linhas, 66 colunas, 5 cols Apos Corte, 1858 registros -F/-IF
[19:01:58] PRE_APOS_CORTE: Antes do cálculo após corte | DF: 2541 linhas, 66 colunas, 5 cols Apos Corte, 1858 registros -F/-IF
[19:02:06] POS_APOS_CORTE: Após o cálculo após corte | DF: 2541 linhas, 66 colunas, 5 cols Apos Corte, 1858 registros -F/-IF
[21:33:50] INICIO_PREPARACAO: Antes de preparar DataFrame | DF: 2541 linhas, 25 colunas, 0 cols Apos Corte, 1858 registros -F/-IF
[21:33:50] APOS_PREPARACAO: Após preparar DataFrame | DF: 2541 linhas, 27 colunas, 0 cols Apos Corte, 1858 registros -F/-IF
[21:33:50] APOS_CRIAR_COLUNAS: Após criar colunas de cálculo | DF: 2541 linhas, 66 colunas, 5 cols Apos Corte, 1858 registros -F/-IF
[21:33:54] PRE_APOS_CORTE: Antes do cálculo após corte | DF: 2541 linhas, 66 colunas, 5 cols Apos Corte, 1858 registros -F/-IF
[21:34:02] POS_APOS_CORTE: Após o cálculo após corte | DF: 2541 linhas, 66 colunas, 5 cols Apos Corte, 1858 registros -F/-IF
[21:46:20] INICIO_PREPARACAO: Antes de preparar DataFrame | DF: 2541 linhas, 25 colunas, 0 cols Apos Corte, 1858 registros -F/-IF
[21:46:20] APOS_PREPARACAO: Após preparar DataFrame | DF: 2541 linhas, 27 colunas, 0 cols Apos Corte, 1858 registros -F/-IF
[21:46:20] APOS_CRIAR_COLUNAS: Após criar colunas de cálculo | DF: 2541 linhas, 66 colunas, 5 cols Apos Corte, 1858 registros -F/-IF
[21:46:25] PRE_APOS_CORTE: Antes do cálculo após corte | DF: 2541 linhas, 66 colunas, 5 cols Apos Corte, 1858 registros -F/-IF
[21:46:32] POS_APOS_CORTE: Após o cálculo após corte | DF: 2541 linhas, 66 colunas, 5 cols Apos Corte, 1858 registros -F/-IF
[22:05:48] INICIO_PREPARACAO: Antes de preparar DataFrame | DF: 2541 linhas, 25 colunas, 0 cols Apos Corte, 1858 registros -F/-IF
[22:05:49] APOS_PREPARACAO: Após preparar DataFrame | DF: 2541 linhas, 27 colunas, 0 cols Apos Corte, 1858 registros -F/-IF
[22:05:49] APOS_CRIAR_COLUNAS: Após criar colunas de cálculo | DF: 2541 linhas, 66 colunas, 5 cols Apos Corte, 1858 registros -F/-IF
[22:05:53] PRE_APOS_CORTE: Antes do cálculo após corte | DF: 2541 linhas, 66 colunas, 5 cols Apos Corte, 1858 registros -F/-IF
[22:06:01] POS_APOS_CORTE: Após o cálculo após corte | DF: 2541 linhas, 66 colunas, 5 cols Apos Corte, 1858 registros -F/-IF
[22:16:34] INICIO_PREPARACAO: Antes de preparar DataFrame | DF: 2541 linhas, 25 colunas, 0 cols Apos Corte, 1858 registros -F/-IF
[22:16:34] APOS_PREPARACAO: Após preparar DataFrame | DF: 2541 linhas, 27 colunas, 0 cols Apos Corte, 1858 registros -F/-IF
[22:16:34] APOS_CRIAR_COLUNAS: Após criar colunas de cálculo | DF: 2541 linhas, 66 colunas, 5 cols Apos Corte, 1858 registros -F/-IF
[22:16:39] PRE_APOS_CORTE: Antes do cálculo após corte | DF: 2541 linhas, 66 colunas, 5 cols Apos Corte, 1858 registros -F/-IF
[22:16:47] POS_APOS_CORTE: Após o cálculo após corte | DF: 2541 linhas, 66 colunas, 5 cols Apos Corte, 1858 registros -F/-IF
[22:24:17] INICIO_PREPARACAO: Antes de preparar DataFrame | DF: 2541 linhas, 66 colunas, 5 cols Apos Corte, 1858 registros -F/-IF
[22:24:17] APOS_PREPARACAO: Após preparar DataFrame | DF: 2541 linhas, 66 colunas, 5 cols Apos Corte, 1858 registros -F/-IF
[22:24:17] APOS_CRIAR_COLUNAS: Após criar colunas de cálculo | DF: 2541 linhas, 66 colunas, 5 cols Apos Corte, 1858 registros -F/-IF
[22:33:45] INICIO_PREPARACAO: Antes de preparar DataFrame | DF: 2541 linhas, 25 colunas, 0 cols Apos Corte, 1858 registros -F/-IF
[22:33:45] APOS_PREPARACAO: Após preparar DataFrame | DF: 2541 linhas, 27 colunas, 0 cols Apos Corte, 1858 registros -F/-IF
[22:33:45] APOS_CRIAR_COLUNAS: Após criar colunas de cálculo | DF: 2541 linhas, 66 colunas, 5 cols Apos Corte, 1858 registros -F/-IF
[22:33:50] PRE_APOS_CORTE: Antes do cálculo após corte | DF: 2541 linhas, 66 colunas, 5 cols Apos Corte, 1858 registros -F/-IF
[22:33:57] POS_APOS_CORTE: Após o cálculo após corte | DF: 2541 linhas, 66 colunas, 5 cols Apos Corte, 1858 registros -F/-IF
[15:30:14] INICIO_PREPARACAO: Antes de preparar DataFrame | DF: 2541 linhas, 25 colunas, 0 cols Apos Corte, 1858 registros -F/-IF
[15:30:14] APOS_PREPARACAO: Após preparar DataFrame | DF: 2541 linhas, 27 colunas, 0 cols Apos Corte, 1858 registros -F/-IF
[15:30:14] APOS_CRIAR_COLUNAS: Após criar colunas de cálculo | DF: 2541 linhas, 66 colunas, 5 cols Apos Corte, 1858 registros -F/-IF
[15:30:19] PRE_APOS_CORTE: Antes do cálculo após corte | DF: 2541 linhas, 66 colunas, 5 cols Apos Corte, 1858 registros -F/-IF
[15:30:27] POS_APOS_CORTE: Após o cálculo após corte | DF: 2541 linhas, 66 colunas, 5 cols Apos Corte, 1858 registros -F/-IF
[15:35:04] INICIO_PREPARACAO: Antes de preparar DataFrame | DF: 2541 linhas, 25 colunas, 0 cols Apos Corte, 1858 registros -F/-IF
[15:35:04] APOS_PREPARACAO: Após preparar DataFrame | DF: 2541 linhas, 27 colunas, 0 cols Apos Corte, 1858 registros -F/-IF
[15:35:04] APOS_CRIAR_COLUNAS: Após criar colunas de cálculo | DF: 2541 linhas, 66 colunas, 5 cols Apos Corte, 1858 registros -F/-IF
[15:35:09] PRE_APOS_CORTE: Antes do cálculo após corte | DF: 2541 linhas, 66 colunas, 5 cols Apos Corte, 1858 registros -F/-IF
[15:35:17] POS_APOS_CORTE: Após o cálculo após corte | DF: 2541 linhas, 66 colunas, 5 cols Apos Corte, 1858 registros -F/-IF
[15:41:32] INICIO_PREPARACAO: Antes de preparar DataFrame | DF: 2541 linhas, 25 colunas, 0 cols Apos Corte, 1858 registros -F/-IF
[15:41:32] APOS_PREPARACAO: Após preparar DataFrame | DF: 2541 linhas, 27 colunas, 0 cols Apos Corte, 1858 registros -F/-IF
[15:41:32] APOS_CRIAR_COLUNAS: Após criar colunas de cálculo | DF: 2541 linhas, 66 colunas, 5 cols Apos Corte, 1858 registros -F/-IF
[15:41:37] PRE_APOS_CORTE: Antes do cálculo após corte | DF: 2541 linhas, 66 colunas, 5 cols Apos Corte, 1858 registros -F/-IF
[15:41:45] POS_APOS_CORTE: Após o cálculo após corte | DF: 2541 linhas, 66 colunas, 5 cols Apos Corte, 1858 registros -F/-IF
[15:44:52] INICIO_PREPARACAO: Antes de preparar DataFrame | DF: 2541 linhas, 25 colunas, 0 cols Apos Corte, 1858 registros -F/-IF
[15:44:52] APOS_PREPARACAO: Após preparar DataFrame | DF: 2541 linhas, 27 colunas, 0 cols Apos Corte, 1858 registros -F/-IF
[15:44:52] APOS_CRIAR_COLUNAS: Após criar colunas de cálculo | DF: 2541 linhas, 66 colunas, 5 cols Apos Corte, 1858 registros -F/-IF
[15:44:58] PRE_APOS_CORTE: Antes do cálculo após corte | DF: 2541 linhas, 66 colunas, 5 cols Apos Corte, 1858 registros -F/-IF
